<?xml version="1.0" encoding="UTF-8"?>
<testsuite xmlns:xsi="http://www.w3.org/2001/XMLSchema-instance" xsi:noNamespaceSchemaLocation="https://maven.apache.org/surefire/maven-surefire-plugin/xsd/surefire-test-report-3.0.xsd" version="3.0" name="database.DBManagerTest" time="0.332" tests="1" errors="0" skipped="0" failures="0">
  <properties>
[...]
</properties>
  <testcase name="loadDB" classname="database.DBManagerTest" time="0.292">
    <system-out><![CDATA[1 | wasser trinken due: 2025-07-0320:00 Completed: false
2 | essen due: 2025-08-1412:00 Completed: false
3 | feierabend due: 2025-09-2415:55 Completed: true
]]></system-out>
  </testcase>
</testsuite>